<?xml version='1.0' encoding='UTF-8'?>
<testsuite hostname="bobby-laptop" name="HelloSpec" tests="1" errors="0" failures="0" skipped="0" time="0.014" timestamp="2020-05-10T08:43:34">
                     <properties>
[...]
</properties>
                     <testcase classname="HelloSpec" name="The Hello object should say hello" time="0.014">
                                                 
                                               </testcase>
                     <system-out><![CDATA[]]></system-out>
                     <system-err><![CDATA[]]></system-err>
                   </testsuite>